<?xml version="1.0" encoding="UTF-8"?>
<!-- Generated by org.testng.reporters.JUnitReportReporter -->
<testsuite hostname="LAPTOP-PCGOF472" failures="0" tests="2" name="com.ecom.seleniumPractice.Practice_2" time="16.128" errors="0" timestamp="2024-05-12T16:10:59 IST" skipped="1">
  <testcase classname="com.ecom.seleniumPractice.Practice_2" name="TableOperation" time="16.128"/>
  <system-out/>
  <testcase classname="com.ecom.seleniumPractice.Practice_2" name="ExcelWrite">
    <skipped/>
  </testcase> <!-- ExcelWrite -->
  <system-out/>
</testsuite> <!-- com.ecom.seleniumPractice.Practice_2 -->
